<?xml version="1.0" encoding="UTF-8"?>
<!-- Generated by org.testng.reporters.JUnitReportReporter -->
<testsuite hostname="LAPTOP-9QL5EV9U" failures="0" tests="3" name="pageFactory.roundTr$RoundTrip" time="87.667" errors="0" timestamp="17 Feb 2019 07:40:52 GMT" skipped="0">
  <testcase classname="pageFactory.roundTr$RoundTrip" name="browser" time="35.708"/>
  <testcase classname="pageFactory.roundTr$RoundTrip" name="roundTr" time="1.340"/>
  <testcase classname="pageFactory.roundTr$RoundTrip" name="roundFlightView" time="50.619"/>
</testsuite> <!-- pageFactory.roundTr$RoundTrip -->
